#
# There is insufficient memory for the Java Runtime Environment to continue.
# Native memory allocation (mmap) failed to map 145752064 bytes for Failed to commit area from 0x0000000088700000 to 0x0000000091200000 of length 145752064.
# Possible reasons:
#   The system is out of physical RAM or swap space
#   The process is running with CompressedOops enabled, and the Java Heap may be blocking the growth of the native heap
# Possible solutions:
#   Reduce memory load on the system
#   Increase physical memory or swap space
#   Check if swap backing store is full
#   Decrease Java heap size (-Xmx/-Xms)
#   Decrease number of Java threads
#   Decrease Java thread stack sizes (-Xss)
#   Set larger code cache with -XX:ReservedCodeCacheSize=
#   JVM is running with Unscaled Compressed Oops mode in which the Java heap is
#     placed in the first 4GB address space. The Java Heap base address is the
#     maximum limit for the native heap growth. Please use -XX:HeapBaseMinAddress
#     to set the Java Heap base and to place the Java Heap above 4GB virtual address.
# This output file may be truncated or incomplete.
#
#  Out of Memory Error (./src/hotspot/os/windows/os_windows.cpp:3303), pid=6248, tid=8144
#
# JRE version: OpenJDK Runtime Environment (11.0.8+10) (build 11.0.8+10-b944.6842174)
# Java VM: OpenJDK 64-Bit Server VM (11.0.8+10-b944.6842174, mixed mode, tiered, compressed oops, g1 gc, windows-amd64)
# No core dump will be written. Minidumps are not enabled by default on client versions of Windows
#

---------------  S U M M A R Y ------------

Command Line: --add-opens=java.base/java.util=ALL-UNNAMED --add-opens=java.base/java.lang=ALL-UNNAMED --add-opens=java.base/java.lang.invoke=ALL-UNNAMED --add-opens=java.prefs/java.util.prefs=ALL-UNNAMED -Xmx2048m -Dfile.encoding=UTF-8 -Duser.country=IN -Duser.language=en -Duser.variant org.gradle.launcher.daemon.bootstrap.GradleDaemon 6.7.1

Host: Intel(R) Core(TM) i3-5005U CPU @ 2.00GHz, 4 cores, 3G,  Windows 10 , 64 bit Build 19041 (10.0.19041.928)
Time: Thu May  6 17:32:47 2021 India Standard Time elapsed time: 382 seconds (0d 0h 6m 22s)

---------------  T H R E A D  ---------------

Current thread (0x000001aec2e30800):  VMThread "VM Thread" [stack: 0x00000027a3f00000,0x00000027a4000000] [id=8144]

Stack: [0x00000027a3f00000,0x00000027a4000000]
[error occurred during error reporting (printing stack bounds), id 0xc0000005, EXCEPTION_ACCESS_VIOLATION (0xc0000005) at pc=0x000001aeac600dad]

Native frames: (J=compiled Java code, j=interpreted, Vv=VM code, C=native code)
V  [jvm.dll+0x5de50a]
V  [jvm.dll+0x7122f5]
V  [jvm.dll+0x71384d]
V  [jvm.dll+0x713e65]
V  [jvm.dll+0x713e1b]
V  [jvm.dll+0x5dd958]
V  [jvm.dll+0x5de0f8]
C  [ntdll.dll+0xa207f]
C  [ntdll.dll+0x51454]
C  [ntdll.dll+0xa0bae]
C  0x000001aeac600dad

VM_Operation (0x00000027a4cfdda0): G1CollectForAllocation, mode: safepoint, requested by thread 0x000001aec3912000


---------------  P R O C E S S  ---------------

Threads class SMR info:
_java_thread_list=0x000001aec64b8b00, length=45, elements={
0x000001aea8c57800, 0x000001aec2e35000, 0x000001aec2e3d800, 0x000001aec2e91800,
0x000001aec2e94800, 0x000001aec2e95800, 0x000001aec2e9c000, 0x000001aec2e9d800,
0x000001aec3914800, 0x000001aec3911000, 0x000001aec3912000, 0x000001aec3913800,
0x000001aec3910800, 0x000001aec3915800, 0x000001aec3913000, 0x000001aec390f800,
0x000001aec3916000, 0x000001aec53f7000, 0x000001aec53f9800, 0x000001aec53f7800,
0x000001aec53f4800, 0x000001aec53f8800, 0x000001aec53fb000, 0x000001aec53f5800,
0x000001aec53ff000, 0x000001aec5400000, 0x000001aec53fc000, 0x000001aec5400800,
0x000001aec5403000, 0x000001aec5402800, 0x000001aec53fd800, 0x000001aec53fe800,
0x000001aec5401800, 0x000001aec58b3000, 0x000001aec58b8000, 0x000001aec58b2800,
0x000001aec58ba800, 0x000001aec58b9800, 0x000001aec58b6800, 0x000001aec58b4800,
0x000001aec58bb000, 0x000001aec58b5800, 0x000001aec58bc000, 0x000001aec58b7000,
0x000001aec58bd800
}

Java Threads: ( => current thread )
  0x000001aea8c57800 JavaThread "main" [_thread_blocked, id=4576, stack(0x00000027a3900000,0x00000027a3a00000)]
  0x000001aec2e35000 JavaThread "Reference Handler" daemon [_thread_blocked, id=2096, stack(0x00000027a4000000,0x00000027a4100000)]
  0x000001aec2e3d800 JavaThread "Finalizer" daemon [_thread_blocked, id=8536, stack(0x00000027a4100000,0x00000027a4200000)]
  0x000001aec2e91800 JavaThread "Signal Dispatcher" daemon [_thread_blocked, id=8872, stack(0x00000027a4200000,0x00000027a4300000)]
  0x000001aec2e94800 JavaThread "Attach Listener" daemon [_thread_blocked, id=804, stack(0x00000027a4300000,0x00000027a4400000)]
  0x000001aec2e95800 JavaThread "C2 CompilerThread0" daemon [_thread_blocked, id=5500, stack(0x00000027a4400000,0x00000027a4500000)]
  0x000001aec2e9c000 JavaThread "C1 CompilerThread0" daemon [_thread_blocked, id=5024, stack(0x00000027a4500000,0x00000027a4600000)]
  0x000001aec2e9d800 JavaThread "Sweeper thread" daemon [_thread_blocked, id=3904, stack(0x00000027a4600000,0x00000027a4700000)]
  0x000001aec3914800 JavaThread "Common-Cleaner" daemon [_thread_blocked, id=6244, stack(0x00000027a4700000,0x00000027a4800000)]
  0x000001aec3911000 JavaThread "Service Thread" daemon [_thread_blocked, id=7804, stack(0x00000027a4800000,0x00000027a4900000)]
  0x000001aec3912000 JavaThread "Daemon health stats" [_thread_blocked, id=6876, stack(0x00000027a4c00000,0x00000027a4d00000)]
  0x000001aec3913800 JavaThread "Incoming local TCP Connector on port 51353" [_thread_in_native, id=5900, stack(0x00000027a4e00000,0x00000027a4f00000)]
  0x000001aec3910800 JavaThread "Daemon periodic checks" [_thread_blocked, id=3188, stack(0x00000027a4f00000,0x00000027a5000000)]
  0x000001aec3915800 JavaThread "Daemon" [_thread_blocked, id=4212, stack(0x00000027a5000000,0x00000027a5100000)]
  0x000001aec3913000 JavaThread "Handler for socket connection from /127.0.0.1:51353 to /127.0.0.1:51354" [_thread_in_native, id=7420, stack(0x00000027a5100000,0x00000027a5200000)]
  0x000001aec390f800 JavaThread "Cancel handler" [_thread_blocked, id=1196, stack(0x00000027a5200000,0x00000027a5300000)]
  0x000001aec3916000 JavaThread "Daemon worker" [_thread_blocked, id=5328, stack(0x00000027a5300000,0x00000027a5400000)]
  0x000001aec53f7000 JavaThread "Asynchronous log dispatcher for DefaultDaemonConnection: socket connection from /127.0.0.1:51353 to /127.0.0.1:51354" [_thread_blocked, id=1276, stack(0x00000027a5400000,0x00000027a5500000)]
  0x000001aec53f9800 JavaThread "Thread-8" [_thread_blocked, id=7972, stack(0x00000027a5600000,0x00000027a5700000)]
  0x000001aec53f7800 JavaThread "Cache worker for file hash cache (C:\Users\hp\.gradle\caches\6.7.1\fileHashes)" [_thread_blocked, id=1456, stack(0x00000027a5900000,0x00000027a5a00000)]
  0x000001aec53f4800 JavaThread "File lock request listener" [_thread_in_native, id=612, stack(0x00000027a5a00000,0x00000027a5b00000)]
  0x000001aec53f8800 JavaThread "Cache worker for journal cache (C:\Users\hp\.gradle\caches\journal-1)" [_thread_blocked, id=1592, stack(0x00000027a5b00000,0x00000027a5c00000)]
  0x000001aec53fb000 JavaThread "Cache worker for file hash cache (C:\Users\hp\AndroidStudioProjects\MyApplication\.gradle\6.7.1\fileHashes)" [_thread_blocked, id=5636, stack(0x00000027a5d00000,0x00000027a5e00000)]
  0x000001aec53f5800 JavaThread "Cache worker for checksums cache (C:\Users\hp\AndroidStudioProjects\MyApplication\.gradle\checksums)" [_thread_blocked, id=6980, stack(0x00000027a5c00000,0x00000027a5d00000)]
  0x000001aec53ff000 JavaThread "Cache worker for cache directory md-supplier (C:\Users\hp\.gradle\caches\6.7.1\md-supplier)" [_thread_blocked, id=9108, stack(0x00000027a5e00000,0x00000027a5f00000)]
  0x000001aec5400000 JavaThread "Cache worker for cache directory md-rule (C:\Users\hp\.gradle\caches\6.7.1\md-rule)" [_thread_blocked, id=3008, stack(0x00000027a6000000,0x00000027a6100000)]
  0x000001aec53fc000 JavaThread "Cache worker for execution history cache (C:\Users\hp\.gradle\caches\6.7.1\executionHistory)" [_thread_blocked, id=8328, stack(0x00000027a5f00000,0x00000027a6000000)]
  0x000001aec5400800 JavaThread "Cache worker for file content cache (C:\Users\hp\.gradle\caches\6.7.1\fileContent)" [_thread_blocked, id=8660, stack(0x00000027a6300000,0x00000027a6400000)]
  0x000001aec5403000 JavaThread "Cache worker for Build Output Cleanup Cache (C:\Users\hp\AndroidStudioProjects\MyApplication\.gradle\buildOutputCleanup)" [_thread_blocked, id=5192, stack(0x00000027a6200000,0x00000027a6300000)]
  0x000001aec5402800 JavaThread "Build operations" [_thread_blocked, id=920, stack(0x00000027a6400000,0x00000027a6500000)]
  0x000001aec53fd800 JavaThread "Build operations Thread 2" [_thread_blocked, id=5768, stack(0x00000027a6500000,0x00000027a6600000)]
  0x000001aec53fe800 JavaThread "Build operations Thread 3" [_thread_blocked, id=1368, stack(0x00000027a6600000,0x00000027a6700000)]
  0x000001aec5401800 JavaThread "Build operations Thread 4" [_thread_blocked, id=2720, stack(0x00000027a6700000,0x00000027a6800000)]
  0x000001aec58b3000 JavaThread "Memory manager" [_thread_blocked, id=6488, stack(0x00000027ac800000,0x00000027ac900000)]
  0x000001aec58b8000 JavaThread "build event listener" [_thread_blocked, id=4092, stack(0x00000027a3700000,0x00000027a3800000)]
  0x000001aec58b2800 JavaThread "build event listener" [_thread_blocked, id=6440, stack(0x00000027a3600000,0x00000027a3700000)]
  0x000001aec58ba800 JavaThread "Execution worker for ':'" [_thread_blocked, id=6280, stack(0x00000027a3800000,0x00000027a3900000)]
  0x000001aec58b9800 JavaThread "Execution worker for ':' Thread 2" [_thread_blocked, id=6968, stack(0x00000027ac900000,0x00000027aca00000)]
  0x000001aec58b6800 JavaThread "Execution worker for ':' Thread 3" [_thread_blocked, id=2428, stack(0x00000027aca00000,0x00000027acb00000)]
  0x000001aec58b4800 JavaThread "Cache worker for execution history cache (C:\Users\hp\AndroidStudioProjects\MyApplication\.gradle\6.7.1\executionHistory)" [_thread_blocked, id=5868, stack(0x00000027acb00000,0x00000027acc00000)]
  0x000001aec58bb000 JavaThread "WorkerExecutor Queue" [_thread_blocked, id=6216, stack(0x00000027acc00000,0x00000027acd00000)]
  0x000001aec58b5800 JavaThread "WorkerExecutor Queue Thread 2" [_thread_blocked, id=1364, stack(0x00000027a5500000,0x00000027a5600000)]
  0x000001aec58bc000 JavaThread "WorkerExecutor Queue Thread 3" [_thread_blocked, id=6704, stack(0x00000027acd00000,0x00000027ace00000)]
  0x000001aec58b7000 JavaThread "WorkerExecutor Queue Thread 4" [_thread_blocked, id=684, stack(0x00000027ace00000,0x00000027acf00000)]
  0x000001aec58bd800 JavaThread "Java2D Disposer" daemon [_thread_blocked, id=6088, stack(0x00000027ad200000,0x00000027ad300000)]

Other Threads:
=>0x000001aec2e30800 VMThread "VM Thread" [stack: 0x00000027a3f00000,0x00000027a4000000] [id=8144]
  0x000001aec393a800 WatcherThread [stack: 0x00000027a4900000,0x00000027a4a00000] [id=8792]
  0x000001aea8c71000 GCTaskThread "GC Thread#0" [stack: 0x00000027a3a00000,0x00000027a3b00000] [id=8956]
  0x000001aec3ec4800 GCTaskThread "GC Thread#1" [stack: 0x00000027a4b00000,0x00000027a4c00000] [id=6808]
  0x000001aec5430800 GCTaskThread "GC Thread#2" [stack: 0x00000027a5700000,0x00000027a5800000] [id=8980]
  0x000001aec50a3800 GCTaskThread "GC Thread#3" [stack: 0x00000027a5800000,0x00000027a5900000] [id=9152]
  0x000001aea8ca3800 ConcurrentGCThread "G1 Main Marker" [stack: 0x00000027a3b00000,0x00000027a3c00000] [id=4284]
  0x000001aea8ca7000 ConcurrentGCThread "G1 Conc#0" [stack: 0x00000027a3c00000,0x00000027a3d00000] [id=8056]
  0x000001aea8cfe800 ConcurrentGCThread "G1 Refine#0" [stack: 0x00000027a3d00000,0x00000027a3e00000] [id=1448]
  0x000001aea8cff800 ConcurrentGCThread "G1 Young RemSet Sampling" [stack: 0x00000027a3e00000,0x00000027a3f00000] [id=5536]

Threads with active compile tasks:
C2 CompilerThread0 418799 11401       4       java.util.concurrent.locks.AbstractQueuedSynchronizer$ConditionObject::signal (33 bytes)
C1 CompilerThread0 418799 11406   !   3       sun.nio.ch.FileChannelImpl::implCloseChannel (169 bytes)

VM state:at safepoint (normal execution)

VM Mutex/Monitor currently owned by a thread:  ([mutex/lock_event])
[0x000001aea8c55270] Threads_lock - owner thread: 0x000001aec2e30800
[0x000001aea8c536e0] Heap_lock - owner thread: 0x000001aec3912000

Heap address: 0x0000000080000000, size: 2048 MB, Compressed Oops mode: 32-bit
Narrow klass base: 0x0000000000000000, Narrow klass shift: 3
Compressed class space size: 1073741824 Address: 0x0000000100000000

Heap:
 garbage-first heap   total 280576K, used 65661K [0x0000000080000000, 0x0000000100000000)
  region size 1024K, 1 young (1024K), 1 survivors (1024K)
 Metaspace       used 89348K, capacity 91381K, committed 91468K, reserved 1128448K
  class space    used 11194K, capacity 11892K, committed 11904K, reserved 1048576K
Heap Regions: E=young(eden), S=young(survivor), O=old, HS=humongous(starts), HC=humongous(continues), CS=collection set, F=free, A=archive, TAMS=top-at-mark-start (previous, next)
|   0|0x0000000080000000, 0x0000000080100000, 0x0000000080100000|100%| O|  |TAMS 0x0000000080100000, 0x0000000080000000| Untracked 
|   1|0x0000000080100000, 0x0000000080200000, 0x0000000080200000|100%| O|  |TAMS 0x0000000080200000, 0x0000000080100000| Untracked 
|   2|0x0000000080200000, 0x0000000080300000, 0x0000000080300000|100%| O|  |TAMS 0x0000000080300000, 0x0000000080200000| Untracked 
|   3|0x0000000080300000, 0x0000000080400000, 0x0000000080400000|100%|HS|  |TAMS 0x0000000080400000, 0x0000000080300000| Complete 
|   4|0x0000000080400000, 0x0000000080500000, 0x0000000080500000|100%|HC|  |TAMS 0x0000000080500000, 0x0000000080400000| Complete 
|   5|0x0000000080500000, 0x0000000080600000, 0x0000000080600000|100%|HC|  |TAMS 0x0000000080600000, 0x0000000080500000| Complete 
|   6|0x0000000080600000, 0x0000000080700000, 0x0000000080700000|100%| O|  |TAMS 0x0000000080700000, 0x0000000080600000| Untracked 
|   7|0x0000000080700000, 0x0000000080800000, 0x0000000080800000|100%| O|  |TAMS 0x0000000080800000, 0x0000000080700000| Untracked 
|   8|0x0000000080800000, 0x0000000080900000, 0x0000000080900000|100%| O|  |TAMS 0x0000000080900000, 0x0000000080800000| Untracked 
|   9|0x0000000080900000, 0x0000000080a00000, 0x0000000080a00000|100%| O|  |TAMS 0x0000000080a00000, 0x0000000080900000| Untracked 
|  10|0x0000000080a00000, 0x0000000080b00000, 0x0000000080b00000|100%| O|  |TAMS 0x0000000080b00000, 0x0000000080a00000| Untracked 
|  11|0x0000000080b00000, 0x0000000080c00000, 0x0000000080c00000|100%| O|  |TAMS 0x0000000080c00000, 0x0000000080b00000| Untracked 
|  12|0x0000000080c00000, 0x0000000080d00000, 0x0000000080d00000|100%| O|  |TAMS 0x0000000080d00000, 0x0000000080c00000| Untracked 
|  13|0x0000000080d00000, 0x0000000080e00000, 0x0000000080e00000|100%| O|  |TAMS 0x0000000080e00000, 0x0000000080d00000| Untracked 
|  14|0x0000000080e00000, 0x0000000080f00000, 0x0000000080f00000|100%| O|  |TAMS 0x0000000080f00000, 0x0000000080e00000| Untracked 
|  15|0x0000000080f00000, 0x0000000081000000, 0x0000000081000000|100%| O|  |TAMS 0x0000000081000000, 0x0000000080f00000| Untracked 
|  16|0x0000000081000000, 0x0000000081100000, 0x0000000081100000|100%| O|  |TAMS 0x0000000081100000, 0x0000000081000000| Untracked 
|  17|0x0000000081100000, 0x0000000081200000, 0x0000000081200000|100%| O|  |TAMS 0x0000000081200000, 0x0000000081100000| Untracked 
|  18|0x0000000081200000, 0x0000000081300000, 0x0000000081300000|100%| O|  |TAMS 0x0000000081300000, 0x0000000081200000| Untracked 
|  19|0x0000000081300000, 0x0000000081400000, 0x0000000081400000|100%| O|  |TAMS 0x0000000081400000, 0x0000000081300000| Untracked 
|  20|0x0000000081400000, 0x0000000081500000, 0x0000000081500000|100%| O|  |TAMS 0x0000000081500000, 0x0000000081400000| Untracked 
|  21|0x0000000081500000, 0x0000000081600000, 0x0000000081600000|100%|HS|  |TAMS 0x0000000081600000, 0x0000000081500000| Complete 
|  22|0x0000000081600000, 0x0000000081700000, 0x0000000081700000|100%| O|  |TAMS 0x0000000081700000, 0x0000000081600000| Untracked 
|  23|0x0000000081700000, 0x0000000081800000, 0x0000000081800000|100%| O|  |TAMS 0x0000000081800000, 0x0000000081700000| Untracked 
|  24|0x0000000081800000, 0x0000000081900000, 0x0000000081900000|100%| O|  |TAMS 0x0000000081900000, 0x0000000081800000| Untracked 
|  25|0x0000000081900000, 0x0000000081a00000, 0x0000000081a00000|100%|HS|  |TAMS 0x0000000081a00000, 0x0000000081900000| Complete 
|  26|0x0000000081a00000, 0x0000000081b00000, 0x0000000081b00000|100%|HC|  |TAMS 0x0000000081b00000, 0x0000000081a00000| Complete 
|  27|0x0000000081b00000, 0x0000000081c00000, 0x0000000081c00000|100%| O|  |TAMS 0x0000000081c00000, 0x0000000081b00000| Untracked 
|  28|0x0000000081c00000, 0x0000000081d00000, 0x0000000081d00000|100%| O|  |TAMS 0x0000000081d00000, 0x0000000081c00000| Untracked 
|  29|0x0000000081d00000, 0x0000000081e00000, 0x0000000081e00000|100%| O|  |TAMS 0x0000000081e00000, 0x0000000081d00000| Untracked 
|  30|0x0000000081e00000, 0x0000000081f00000, 0x0000000081f00000|100%| O|  |TAMS 0x0000000081f00000, 0x0000000081e00000| Untracked 
|  31|0x0000000081f00000, 0x0000000082000000, 0x0000000082000000|100%| O|  |TAMS 0x0000000082000000, 0x0000000081f00000| Untracked 
|  32|0x0000000082000000, 0x0000000082100000, 0x0000000082100000|100%| O|  |TAMS 0x0000000082100000, 0x0000000082000000| Untracked 
|  33|0x0000000082100000, 0x0000000082200000, 0x0000000082200000|100%| O|  |TAMS 0x0000000082200000, 0x0000000082100000| Untracked 
|  34|0x0000000082200000, 0x0000000082300000, 0x0000000082300000|100%| O|  |TAMS 0x0000000082300000, 0x0000000082200000| Untracked 
|  35|0x0000000082300000, 0x0000000082400000, 0x0000000082400000|100%| O|  |TAMS 0x0000000082400000, 0x0000000082300000| Untracked 
|  36|0x0000000082400000, 0x0000000082500000, 0x0000000082500000|100%| O|  |TAMS 0x0000000082500000, 0x0000000082400000| Untracked 
|  37|0x0000000082500000, 0x0000000082600000, 0x0000000082600000|100%| O|  |TAMS 0x0000000082600000, 0x0000000082500000| Untracked 
|  38|0x0000000082600000, 0x0000000082700000, 0x0000000082700000|100%| O|  |TAMS 0x0000000082700000, 0x0000000082600000| Untracked 
|  39|0x0000000082700000, 0x0000000082800000, 0x0000000082800000|100%| O|  |TAMS 0x0000000082800000, 0x0000000082700000| Untracked 
|  40|0x0000000082800000, 0x0000000082900000, 0x0000000082900000|100%| O|  |TAMS 0x0000000082900000, 0x0000000082800000| Untracked 
|  41|0x0000000082900000, 0x0000000082a00000, 0x0000000082a00000|100%| O|  |TAMS 0x0000000082a00000, 0x0000000082900000| Untracked 
|  42|0x0000000082a00000, 0x0000000082b00000, 0x0000000082b00000|100%| O|  |TAMS 0x0000000082b00000, 0x0000000082a00000| Untracked 
|  43|0x0000000082b00000, 0x0000000082c00000, 0x0000000082c00000|100%| O|  |TAMS 0x0000000082c00000, 0x0000000082b00000| Untracked 
|  44|0x0000000082c00000, 0x0000000082d00000, 0x0000000082d00000|100%| O|  |TAMS 0x0000000082d00000, 0x0000000082c00000| Untracked 
|  45|0x0000000082d00000, 0x0000000082e00000, 0x0000000082e00000|100%| O|  |TAMS 0x0000000082e00000, 0x0000000082d00000| Untracked 
|  46|0x0000000082e00000, 0x0000000082f00000, 0x0000000082f00000|100%| O|  |TAMS 0x0000000082f00000, 0x0000000082e00000| Untracked 
|  47|0x0000000082f00000, 0x0000000083000000, 0x0000000083000000|100%| O|  |TAMS 0x0000000083000000, 0x0000000082f00000| Untracked 
|  48|0x0000000083000000, 0x0000000083100000, 0x0000000083100000|100%| O|  |TAMS 0x0000000083100000, 0x0000000083000000| Untracked 
|  49|0x0000000083100000, 0x0000000083200000, 0x0000000083200000|100%| O|  |TAMS 0x0000000083200000, 0x0000000083100000| Untracked 
|  50|0x0000000083200000, 0x0000000083300000, 0x0000000083300000|100%| O|  |TAMS 0x0000000083300000, 0x0000000083200000| Untracked 
|  51|0x0000000083300000, 0x0000000083400000, 0x0000000083400000|100%| O|  |TAMS 0x0000000083400000, 0x0000000083300000| Untracked 
|  52|0x0000000083400000, 0x0000000083500000, 0x0000000083500000|100%| O|  |TAMS 0x0000000083500000, 0x0000000083400000| Untracked 
|  53|0x0000000083500000, 0x0000000083600000, 0x0000000083600000|100%| O|  |TAMS 0x0000000083600000, 0x0000000083500000| Untracked 
|  54|0x0000000083600000, 0x0000000083700000, 0x0000000083700000|100%| O|  |TAMS 0x0000000083600000, 0x0000000083600000| Untracked 
|  55|0x0000000083700000, 0x0000000083800000, 0x0000000083800000|100%| O|  |TAMS 0x0000000083800000, 0x0000000083700000| Untracked 
|  56|0x0000000083800000, 0x0000000083900000, 0x0000000083900000|100%| O|  |TAMS 0x0000000083800000, 0x0000000083800000| Untracked 
|  57|0x0000000083900000, 0x0000000083a00000, 0x0000000083a00000|100%| O|  |TAMS 0x000000008399f200, 0x0000000083900000| Untracked 
|  58|0x0000000083a00000, 0x0000000083acc000, 0x0000000083b00000| 79%| O|  |TAMS 0x0000000083a00000, 0x0000000083a00000| Untracked 
|  59|0x0000000083b00000, 0x0000000083b00000, 0x0000000083c00000|  0%| F|  |TAMS 0x0000000083b00000, 0x0000000083b00000| Untracked 
|  60|0x0000000083c00000, 0x0000000083d00000, 0x0000000083d00000|100%| O|  |TAMS 0x0000000083d00000, 0x0000000083c00000| Untracked 
|  61|0x0000000083d00000, 0x0000000083d00000, 0x0000000083e00000|  0%| F|  |TAMS 0x0000000083d00000, 0x0000000083d00000| Untracked 
|  62|0x0000000083e00000, 0x0000000083e00000, 0x0000000083f00000|  0%| F|  |TAMS 0x0000000083e00000, 0x0000000083e00000| Untracked 
|  63|0x0000000083f00000, 0x0000000083f00000, 0x0000000084000000|  0%| F|  |TAMS 0x0000000083f00000, 0x0000000083f00000| Untracked 
|  64|0x0000000084000000, 0x0000000084000000, 0x0000000084100000|  0%| F|  |TAMS 0x0000000084000000, 0x0000000084000000| Untracked 
|  65|0x0000000084100000, 0x0000000084100000, 0x0000000084200000|  0%| F|  |TAMS 0x0000000084100000, 0x0000000084100000| Untracked 
|  66|0x0000000084200000, 0x0000000084300000, 0x0000000084300000|100%| O|  |TAMS 0x0000000084300000, 0x0000000084200000| Untracked 
|  67|0x0000000084300000, 0x0000000084400000, 0x0000000084400000|100%| O|  |TAMS 0x0000000084400000, 0x0000000084300000| Untracked 
|  68|0x0000000084400000, 0x0000000084400000, 0x0000000084500000|  0%| F|  |TAMS 0x0000000084400000, 0x0000000084400000| Untracked 
|  69|0x0000000084500000, 0x0000000084500000, 0x0000000084600000|  0%| F|  |TAMS 0x0000000084500000, 0x0000000084500000| Untracked 
|  70|0x0000000084600000, 0x0000000084700000, 0x0000000084700000|100%| O|  |TAMS 0x0000000084700000, 0x0000000084600000| Untracked 
|  71|0x0000000084700000, 0x0000000084800000, 0x0000000084800000|100%| O|  |TAMS 0x0000000084800000, 0x0000000084700000| Untracked 
|  72|0x0000000084800000, 0x0000000084800000, 0x0000000084900000|  0%| F|  |TAMS 0x0000000084800000, 0x0000000084800000| Untracked 
|  73|0x0000000084900000, 0x0000000084900000, 0x0000000084a00000|  0%| F|  |TAMS 0x0000000084900000, 0x0000000084900000| Untracked 
|  74|0x0000000084a00000, 0x0000000084a00000, 0x0000000084b00000|  0%| F|  |TAMS 0x0000000084a00000, 0x0000000084a00000| Untracked 
|  75|0x0000000084b00000, 0x0000000084b00000, 0x0000000084c00000|  0%| F|  |TAMS 0x0000000084b00000, 0x0000000084b00000| Untracked 
|  76|0x0000000084c00000, 0x0000000084c00000, 0x0000000084d00000|  0%| F|  |TAMS 0x0000000084c00000, 0x0000000084c00000| Untracked 
|  77|0x0000000084d00000, 0x0000000084d00000, 0x0000000084e00000|  0%| F|  |TAMS 0x0000000084d00000, 0x0000000084d00000| Untracked 
|  78|0x0000000084e00000, 0x0000000084e00000, 0x0000000084f00000|  0%| F|  |TAMS 0x0000000084e00000, 0x0000000084e00000| Untracked 
|  79|0x0000000084f00000, 0x0000000084f00000, 0x0000000085000000|  0%| F|  |TAMS 0x0000000084f00000, 0x0000000084f00000| Untracked 
|  80|0x0000000085000000, 0x0000000085000000, 0x0000000085100000|  0%| F|  |TAMS 0x0000000085000000, 0x0000000085000000| Untracked 
|  81|0x0000000085100000, 0x0000000085100000, 0x0000000085200000|  0%| F|  |TAMS 0x0000000085100000, 0x0000000085100000| Untracked 
|  82|0x0000000085200000, 0x0000000085200000, 0x0000000085300000|  0%| F|  |TAMS 0x0000000085200000, 0x0000000085200000| Untracked 
|  83|0x0000000085300000, 0x0000000085300000, 0x0000000085400000|  0%| F|  |TAMS 0x0000000085300000, 0x0000000085300000| Untracked 
|  84|0x0000000085400000, 0x0000000085400000, 0x0000000085500000|  0%| F|  |TAMS 0x0000000085400000, 0x0000000085400000| Untracked 
|  85|0x0000000085500000, 0x0000000085500000, 0x0000000085600000|  0%| F|  |TAMS 0x0000000085500000, 0x0000000085500000| Untracked 
|  86|0x0000000085600000, 0x0000000085600000, 0x0000000085700000|  0%| F|  |TAMS 0x0000000085600000, 0x0000000085600000| Untracked 
|  87|0x0000000085700000, 0x0000000085700000, 0x0000000085800000|  0%| F|  |TAMS 0x0000000085700000, 0x0000000085700000| Untracked 
|  88|0x0000000085800000, 0x0000000085800000, 0x0000000085900000|  0%| F|  |TAMS 0x0000000085800000, 0x0000000085800000| Untracked 
|  89|0x0000000085900000, 0x0000000085900000, 0x0000000085a00000|  0%| F|  |TAMS 0x0000000085900000, 0x0000000085900000| Untracked 
|  90|0x0000000085a00000, 0x0000000085a00000, 0x0000000085b00000|  0%| F|  |TAMS 0x0000000085a00000, 0x0000000085a00000| Untracked 
|  91|0x0000000085b00000, 0x0000000085b00000, 0x0000000085c00000|  0%| F|  |TAMS 0x0000000085b00000, 0x0000000085b00000| Untracked 
|  92|0x0000000085c00000, 0x0000000085c00000, 0x0000000085d00000|  0%| F|  |TAMS 0x0000000085c00000, 0x0000000085c00000| Untracked 
|  93|0x0000000085d00000, 0x0000000085d00000, 0x0000000085e00000|  0%| F|  |TAMS 0x0000000085d00000, 0x0000000085d00000| Untracked 
|  94|0x0000000085e00000, 0x0000000085e00000, 0x0000000085f00000|  0%| F|  |TAMS 0x0000000085e00000, 0x0000000085e00000| Untracked 
|  95|0x0000000085f00000, 0x0000000085f00000, 0x0000000086000000|  0%| F|  |TAMS 0x0000000085f00000, 0x0000000085f00000| Untracked 
|  96|0x0000000086000000, 0x0000000086000000, 0x0000000086100000|  0%| F|  |TAMS 0x0000000086000000, 0x0000000086000000| Untracked 
|  97|0x0000000086100000, 0x0000000086100000, 0x0000000086200000|  0%| F|  |TAMS 0x0000000086100000, 0x0000000086100000| Untracked 
|  98|0x0000000086200000, 0x0000000086200000, 0x0000000086300000|  0%| F|  |TAMS 0x0000000086200000, 0x0000000086200000| Untracked 
|  99|0x0000000086300000, 0x0000000086300000, 0x0000000086400000|  0%| F|  |TAMS 0x0000000086300000, 0x0000000086300000| Untracked 
| 100|0x0000000086400000, 0x0000000086400000, 0x0000000086500000|  0%| F|  |TAMS 0x0000000086400000, 0x0000000086400000| Untracked 
| 101|0x0000000086500000, 0x0000000086500000, 0x0000000086600000|  0%| F|  |TAMS 0x0000000086500000, 0x0000000086500000| Untracked 
| 102|0x0000000086600000, 0x0000000086600000, 0x0000000086700000|  0%| F|  |TAMS 0x0000000086600000, 0x0000000086600000| Untracked 
| 103|0x0000000086700000, 0x0000000086700000, 0x0000000086800000|  0%| F|  |TAMS 0x0000000086700000, 0x0000000086700000| Untracked 
| 104|0x0000000086800000, 0x0000000086800000, 0x0000000086900000|  0%| F|  |TAMS 0x0000000086800000, 0x0000000086800000| Untracked 
| 105|0x0000000086900000, 0x0000000086900000, 0x0000000086a00000|  0%| F|  |TAMS 0x0000000086900000, 0x0000000086900000| Untracked 
| 106|0x0000000086a00000, 0x0000000086a00000, 0x0000000086b00000|  0%| F|  |TAMS 0x0000000086a00000, 0x0000000086a00000| Untracked 
| 107|0x0000000086b00000, 0x0000000086b00000, 0x0000000086c00000|  0%| F|  |TAMS 0x0000000086b00000, 0x0000000086b00000| Untracked 
| 108|0x0000000086c00000, 0x0000000086c00000, 0x0000000086d00000|  0%| F|  |TAMS 0x0000000086c00000, 0x0000000086c00000| Untracked 
| 109|0x0000000086d00000, 0x0000000086d00000, 0x0000000086e00000|  0%| F|  |TAMS 0x0000000086d00000, 0x0000000086d00000| Untracked 
| 110|0x0000000086e00000, 0x0000000086e00000, 0x0000000086f00000|  0%| F|  |TAMS 0x0000000086e00000, 0x0000000086e00000| Untracked 
| 111|0x0000000086f00000, 0x0000000086f00000, 0x0000000087000000|  0%| F|  |TAMS 0x0000000086f00000, 0x0000000086f00000| Untracked 
| 112|0x0000000087000000, 0x0000000087000000, 0x0000000087100000|  0%| F|  |TAMS 0x0000000087000000, 0x0000000087000000| Untracked 
| 113|0x0000000087100000, 0x0000000087100000, 0x0000000087200000|  0%| F|  |TAMS 0x0000000087100000, 0x0000000087100000| Untracked 
| 114|0x0000000087200000, 0x0000000087200000, 0x0000000087300000|  0%| F|  |TAMS 0x0000000087200000, 0x0000000087200000| Untracked 
| 115|0x0000000087300000, 0x0000000087300000, 0x0000000087400000|  0%| F|  |TAMS 0x0000000087300000, 0x0000000087300000| Untracked 
| 116|0x0000000087400000, 0x0000000087400000, 0x0000000087500000|  0%| F|  |TAMS 0x0000000087400000, 0x0000000087400000| Untracked 
| 117|0x0000000087500000, 0x0000000087500000, 0x0000000087600000|  0%| F|  |TAMS 0x0000000087500000, 0x0000000087500000| Untracked 
| 118|0x0000000087600000, 0x0000000087600000, 0x0000000087700000|  0%| F|  |TAMS 0x0000000087600000, 0x0000000087600000| Untracked 
| 119|0x0000000087700000, 0x0000000087700000, 0x0000000087800000|  0%| F|  |TAMS 0x0000000087700000, 0x0000000087700000| Untracked 
| 120|0x0000000087800000, 0x0000000087800000, 0x0000000087900000|  0%| F|  |TAMS 0x0000000087800000, 0x0000000087800000| Untracked 
| 121|0x0000000087900000, 0x0000000087900000, 0x0000000087a00000|  0%| F|  |TAMS 0x0000000087900000, 0x0000000087900000| Untracked 
| 122|0x0000000087a00000, 0x0000000087a00000, 0x0000000087b00000|  0%| F|  |TAMS 0x0000000087a00000, 0x0000000087a00000| Untracked 
| 123|0x0000000087b00000, 0x0000000087b00000, 0x0000000087c00000|  0%| F|  |TAMS 0x0000000087b00000, 0x0000000087b00000| Untracked 
| 124|0x0000000087c00000, 0x0000000087c00000, 0x0000000087d00000|  0%| F|  |TAMS 0x0000000087c00000, 0x0000000087c00000| Untracked 
| 125|0x0000000087d00000, 0x0000000087d00000, 0x0000000087e00000|  0%| F|  |TAMS 0x0000000087d00000, 0x0000000087d00000| Untracked 
| 126|0x0000000087e00000, 0x0000000087e00000, 0x0000000087f00000|  0%| F|  |TAMS 0x0000000087e00000, 0x0000000087e00000| Untracked 
| 127|0x0000000087f00000, 0x0000000087f00000, 0x0000000088000000|  0%| F|  |TAMS 0x0000000087f00000, 0x0000000087f00000| Untracked 
| 128|0x0000000088000000, 0x0000000088000000, 0x0000000088100000|  0%| F|  |TAMS 0x0000000088000000, 0x0000000088000000| Untracked 
| 129|0x0000000088100000, 0x00000000881536e8, 0x0000000088200000| 32%| S|CS|TAMS 0x0000000088100000, 0x0000000088100000| Complete 
| 130|0x0000000088200000, 0x0000000088200000, 0x0000000088300000|  0%| F|  |TAMS 0x0000000088200000, 0x0000000088200000| Untracked 
| 131|0x0000000088300000, 0x0000000088300000, 0x0000000088400000|  0%| F|  |TAMS 0x0000000088300000, 0x0000000088300000| Untracked 
| 132|0x0000000088400000, 0x0000000088400000, 0x0000000088500000|  0%| F|  |TAMS 0x0000000088400000, 0x0000000088400000| Untracked 
| 133|0x0000000088500000, 0x0000000088500000, 0x0000000088600000|  0%| F|  |TAMS 0x0000000088500000, 0x0000000088500000| Untracked 
| 134|0x0000000088600000, 0x0000000088600000, 0x0000000088700000|  0%| F|  |TAMS 0x0000000088600000, 0x0000000088600000| Untracked 

Card table byte_map: [0x000001aebc030000,0x000001aebc430000] _byte_map_base: 0x000001aebbc30000

Marking Bits (Prev, Next): (CMBitMap*) 0x000001aea8c9a968, (CMBitMap*) 0x000001aea8c9a9a0
 Prev Bits: [0x000001aebc830000, 0x000001aebe830000)
 Next Bits: [0x000001aebe830000, 0x000001aec0830000)

Polling page: 0x000001aea8d40000

Metaspace:

Usage:
  Non-class:     77.63 MB capacity,    76.32 MB ( 98%) used,     1.09 MB (  1%) free+waste,   215.88 KB ( <1%) overhead. 
      Class:     11.61 MB capacity,    10.93 MB ( 94%) used,   600.60 KB (  5%) free+waste,    96.44 KB ( <1%) overhead. 
       Both:     89.24 MB capacity,    87.25 MB ( 98%) used,     1.68 MB (  2%) free+waste,   312.31 KB ( <1%) overhead. 

Virtual space:
  Non-class space:       78.00 MB reserved,      77.70 MB (>99%) committed 
      Class space:        1.00 GB reserved,      11.63 MB (  1%) committed 
             Both:        1.08 GB reserved,      89.32 MB (  8%) committed 

Chunk freelists:
   Non-Class:  11.00 KB
       Class:  12.00 KB
        Both:  23.00 KB

MaxMetaspaceSize: 17179869184.00 GB
CompressedClassSpaceSize: 1.00 GB

CodeHeap 'non-profiled nmethods': size=120064Kb used=6577Kb max_used=6595Kb free=113487Kb
 bounds [0x000001aeb40c0000, 0x000001aeb4740000, 0x000001aebb600000]
CodeHeap 'profiled nmethods': size=120000Kb used=24173Kb max_used=24173Kb free=95826Kb
 bounds [0x000001aeacb90000, 0x000001aeae330000, 0x000001aeb40c0000]
CodeHeap 'non-nmethods': size=5696Kb used=2335Kb max_used=2380Kb free=3360Kb
 bounds [0x000001aeac600000, 0x000001aeac870000, 0x000001aeacb90000]
 total_blobs=12039 nmethods=11069 adapters=881
 compilation: enabled
              stopped_count=0, restarted_count=0
 full_count=0

Compilation events (20 events):
Event: 207.953 Thread 0x000001aec2e9c000 11394       3       java.util.concurrent.LinkedBlockingDeque::linkLast (69 bytes)
Event: 208.680 Thread 0x000001aec2e9c000 nmethod 11394 0x000001aeae327e90 code [0x000001aeae3280a0, 0x000001aeae3286a8]
Event: 217.360 Thread 0x000001aec2e9c000 11395       3       java.lang.management.MemoryUsage::<init> (170 bytes)
Event: 232.525 Thread 0x000001aec2e9c000 nmethod 11395 0x000001aeae328890 code [0x000001aeae328b40, 0x000001aeae329598]
Event: 232.635 Thread 0x000001aec2e9c000 11397       3       java.util.ArrayList$ArrayListSpliterator::forEachRemaining (127 bytes)
Event: 248.763 Thread 0x000001aec2e95800 11400       4       javax.management.ObjectName::getDomainLength (8 bytes)
Event: 259.599 Thread 0x000001aec2e9c000 nmethod 11397 0x000001aeae329a10 code [0x000001aeae329c20, 0x000001aeae32a208]
Event: 260.887 Thread 0x000001aec2e9c000 11399       3       java.util.stream.ReferencePipeline$7::<init> (20 bytes)
Event: 270.281 Thread 0x000001aec2e9c000 nmethod 11399 0x000001aeae32a490 code [0x000001aeae32a660, 0x000001aeae32a928]
Event: 270.281 Thread 0x000001aec2e95800 nmethod 11400 0x000001aeb40fc610 code [0x000001aeb40fc7a0, 0x000001aeb40fc818]
Event: 270.281 Thread 0x000001aec2e9c000 11398       3       java.util.stream.ReferencePipeline::flatMap (30 bytes)
Event: 273.140 Thread 0x000001aec2e9c000 nmethod 11398 0x000001aeae32aa90 code [0x000001aeae32ac80, 0x000001aeae32b198]
Event: 279.472 Thread 0x000001aec2e9c000 11402       3       java.util.concurrent.ScheduledThreadPoolExecutor$ScheduledFutureTask::isPeriodic (15 bytes)
Event: 279.602 Thread 0x000001aec2e95800 11401       4       java.util.concurrent.locks.AbstractQueuedSynchronizer$ConditionObject::signal (33 bytes)
Event: 279.953 Thread 0x000001aec2e9c000 nmethod 11402 0x000001aeae32b390 code [0x000001aeae32b540, 0x000001aeae32b6b8]
Event: 279.953 Thread 0x000001aec2e9c000 11403       3       java.util.concurrent.LinkedBlockingDeque::remove (5 bytes)
Event: 295.095 Thread 0x000001aec2e9c000 nmethod 11403 0x000001aeae32b790 code [0x000001aeae32b9c0, 0x000001aeae32c088]
Event: 295.095 Thread 0x000001aec2e9c000 11404       3       java.util.concurrent.LinkedBlockingDeque::removeFirst (19 bytes)
Event: 299.832 Thread 0x000001aec2e9c000 nmethod 11404 0x000001aeae32c390 code [0x000001aeae32c600, 0x000001aeae32cf78]
Event: 305.079 Thread 0x000001aec2e9c000 11406   !   3       sun.nio.ch.FileChannelImpl::implCloseChannel (169 bytes)

GC Heap History (20 events):
Event: 81.865 GC heap after
{Heap after GC invocations=59 (full 0):
 garbage-first heap   total 114688K, used 69015K [0x0000000080000000, 0x0000000100000000)
  region size 1024K, 2 young (2048K), 2 survivors (2048K)
 Metaspace       used 84624K, capacity 86577K, committed 86860K, reserved 1124352K
  class space    used 10644K, capacity 11327K, committed 11392K, reserved 1048576K
}
Event: 84.954 GC heap before
{Heap before GC invocations=60 (full 0):
 garbage-first heap   total 114688K, used 83351K [0x0000000080000000, 0x0000000100000000)
  region size 1024K, 17 young (17408K), 2 survivors (2048K)
 Metaspace       used 84916K, capacity 86935K, committed 87116K, reserved 1124352K
  class space    used 10664K, capacity 11360K, committed 11392K, reserved 1048576K
}
Event: 84.958 GC heap after
{Heap after GC invocations=61 (full 0):
 garbage-first heap   total 114688K, used 67451K [0x0000000080000000, 0x0000000100000000)
  region size 1024K, 1 young (1024K), 1 survivors (1024K)
 Metaspace       used 84916K, capacity 86935K, committed 87116K, reserved 1124352K
  class space    used 10664K, capacity 11360K, committed 11392K, reserved 1048576K
}
Event: 93.853 GC heap before
{Heap before GC invocations=61 (full 0):
 garbage-first heap   total 114688K, used 83835K [0x0000000080000000, 0x0000000100000000)
  region size 1024K, 18 young (18432K), 1 survivors (1024K)
 Metaspace       used 85660K, capacity 87661K, committed 87756K, reserved 1126400K
  class space    used 10736K, capacity 11428K, committed 11520K, reserved 1048576K
}
Event: 93.875 GC heap after
{Heap after GC invocations=62 (full 0):
 garbage-first heap   total 114688K, used 68065K [0x0000000080000000, 0x0000000100000000)
  region size 1024K, 1 young (1024K), 1 survivors (1024K)
 Metaspace       used 85660K, capacity 87661K, committed 87756K, reserved 1126400K
  class space    used 10736K, capacity 11428K, committed 11520K, reserved 1048576K
}
Event: 123.294 GC heap before
{Heap before GC invocations=63 (full 0):
 garbage-first heap   total 114688K, used 84449K [0x0000000080000000, 0x0000000100000000)
  region size 1024K, 19 young (19456K), 1 survivors (1024K)
 Metaspace       used 86683K, capacity 88741K, committed 88908K, reserved 1126400K
  class space    used 10863K, capacity 11569K, committed 11648K, reserved 1048576K
}
Event: 124.588 GC heap after
{Heap after GC invocations=64 (full 0):
 garbage-first heap   total 138240K, used 67308K [0x0000000080000000, 0x0000000100000000)
  region size 1024K, 2 young (2048K), 2 survivors (2048K)
 Metaspace       used 86683K, capacity 88741K, committed 88908K, reserved 1126400K
  class space    used 10863K, capacity 11569K, committed 11648K, reserved 1048576K
}
Event: 133.214 GC heap before
{Heap before GC invocations=64 (full 0):
 garbage-first heap   total 138240K, used 70380K [0x0000000080000000, 0x0000000100000000)
  region size 1024K, 6 young (6144K), 2 survivors (2048K)
 Metaspace       used 87001K, capacity 89029K, committed 89164K, reserved 1126400K
  class space    used 10906K, capacity 11601K, committed 11648K, reserved 1048576K
}
Event: 133.537 GC heap after
{Heap after GC invocations=65 (full 0):
 garbage-first heap   total 138240K, used 64357K [0x0000000080000000, 0x0000000100000000)
  region size 1024K, 1 young (1024K), 1 survivors (1024K)
 Metaspace       used 87001K, capacity 89029K, committed 89164K, reserved 1126400K
  class space    used 10906K, capacity 11601K, committed 11648K, reserved 1048576K
}
Event: 135.577 GC heap before
{Heap before GC invocations=65 (full 0):
 garbage-first heap   total 138240K, used 68453K [0x0000000080000000, 0x0000000100000000)
  region size 1024K, 6 young (6144K), 1 survivors (1024K)
 Metaspace       used 87450K, capacity 89477K, committed 89804K, reserved 1128448K
  class space    used 10973K, capacity 11665K, committed 11776K, reserved 1048576K
}
Event: 135.725 GC heap after
{Heap after GC invocations=66 (full 0):
 garbage-first heap   total 138240K, used 63487K [0x0000000080000000, 0x0000000100000000)
  region size 1024K, 1 young (1024K), 1 survivors (1024K)
 Metaspace       used 87450K, capacity 89477K, committed 89804K, reserved 1128448K
  class space    used 10973K, capacity 11665K, committed 11776K, reserved 1048576K
}
Event: 137.579 GC heap before
{Heap before GC invocations=66 (full 0):
 garbage-first heap   total 138240K, used 67583K [0x0000000080000000, 0x0000000100000000)
  region size 1024K, 6 young (6144K), 1 survivors (1024K)
 Metaspace       used 88025K, capacity 90053K, committed 90316K, reserved 1128448K
  class space    used 11042K, capacity 11729K, committed 11776K, reserved 1048576K
}
Event: 137.585 GC heap after
{Heap after GC invocations=67 (full 0):
 garbage-first heap   total 138240K, used 63567K [0x0000000080000000, 0x0000000100000000)
  region size 1024K, 1 young (1024K), 1 survivors (1024K)
 Metaspace       used 88025K, capacity 90053K, committed 90316K, reserved 1128448K
  class space    used 11042K, capacity 11729K, committed 11776K, reserved 1048576K
}
Event: 139.861 GC heap before
{Heap before GC invocations=67 (full 0):
 garbage-first heap   total 138240K, used 68687K [0x0000000080000000, 0x0000000100000000)
  region size 1024K, 6 young (6144K), 1 survivors (1024K)
 Metaspace       used 88515K, capacity 90565K, committed 90700K, reserved 1128448K
  class space    used 11108K, capacity 11793K, committed 11904K, reserved 1048576K
}
Event: 139.869 GC heap after
{Heap after GC invocations=68 (full 0):
 garbage-first heap   total 138240K, used 63644K [0x0000000080000000, 0x0000000100000000)
  region size 1024K, 1 young (1024K), 1 survivors (1024K)
 Metaspace       used 88515K, capacity 90565K, committed 90700K, reserved 1128448K
  class space    used 11108K, capacity 11793K, committed 11904K, reserved 1048576K
}
Event: 140.988 GC heap before
{Heap before GC invocations=68 (full 0):
 garbage-first heap   total 138240K, used 68764K [0x0000000080000000, 0x0000000100000000)
  region size 1024K, 6 young (6144K), 1 survivors (1024K)
 Metaspace       used 89011K, capacity 91013K, committed 91212K, reserved 1128448K
  class space    used 11169K, capacity 11857K, committed 11904K, reserved 1048576K
}
Event: 141.022 GC heap after
{Heap after GC invocations=69 (full 0):
 garbage-first heap   total 138240K, used 63807K [0x0000000080000000, 0x0000000100000000)
  region size 1024K, 1 young (1024K), 1 survivors (1024K)
 Metaspace       used 89011K, capacity 91013K, committed 91212K, reserved 1128448K
  class space    used 11169K, capacity 11857K, committed 11904K, reserved 1048576K
}
Event: 151.627 GC heap before
{Heap before GC invocations=69 (full 0):
 garbage-first heap   total 138240K, used 70975K [0x0000000080000000, 0x0000000100000000)
  region size 1024K, 8 young (8192K), 1 survivors (1024K)
 Metaspace       used 89271K, capacity 91342K, committed 91468K, reserved 1128448K
  class space    used 11185K, capacity 11859K, committed 11904K, reserved 1048576K
}
Event: 152.715 GC heap after
{Heap after GC invocations=70 (full 0):
 garbage-first heap   total 138240K, used 65314K [0x0000000080000000, 0x0000000100000000)
  region size 1024K, 1 young (1024K), 1 survivors (1024K)
 Metaspace       used 89271K, capacity 91342K, committed 91468K, reserved 1128448K
  class space    used 11185K, capacity 11859K, committed 11904K, reserved 1048576K
}
Event: 331.784 GC heap before
{Heap before GC invocations=70 (full 0):
 garbage-first heap   total 138240K, used 69410K [0x0000000080000000, 0x0000000100000000)
  region size 1024K, 6 young (6144K), 1 survivors (1024K)
 Metaspace       used 89348K, capacity 91381K, committed 91468K, reserved 1128448K
  class space    used 11194K, capacity 11892K, committed 11904K, reserved 1048576K
}

Deoptimization events (20 events):
Event: 173.011 Thread 0x000001aec5402800 Uncommon trap: trap_request=0xfffffff4 fr.pc=0x000001aeb46b223c relative=0x00000000000008dc
Event: 173.422 Thread 0x000001aec5402800 Uncommon trap: reason=null_check action=make_not_entrant pc=0x000001aeb46b223c method=org.gradle.tooling.internal.provider.runner.SubtreeFilteringBuildOperationListener.started(Lorg/gradle/internal/operations/BuildOperationDescriptor;Lorg/gradle/internal/
Event: 173.440 Thread 0x000001aec5402800 DEOPT PACKING pc=0x000001aeb46b223c sp=0x00000027a64fe930
Event: 173.440 Thread 0x000001aec5402800 DEOPT UNPACKING pc=0x000001aeac6274af sp=0x00000027a64fe8c0 mode 2
Event: 301.158 Thread 0x000001aec5402800 Uncommon trap: trap_request=0xffffff4d fr.pc=0x000001aeb467f1d0 relative=0x00000000000000b0
Event: 301.158 Thread 0x000001aec5401800 Uncommon trap: trap_request=0xffffff4d fr.pc=0x000001aeb467f1d0 relative=0x00000000000000b0
Event: 302.408 Thread 0x000001aec5401800 Uncommon trap: reason=unstable_if action=reinterpret pc=0x000001aeb467f1d0 method=java.util.stream.AbstractPipeline.spliterator()Ljava/util/Spliterator; @ 27 c2
Event: 301.158 Thread 0x000001aec53fd800 Uncommon trap: trap_request=0xffffff4d fr.pc=0x000001aeb467f1d0 relative=0x00000000000000b0
Event: 302.761 Thread 0x000001aec53fd800 Uncommon trap: reason=unstable_if action=reinterpret pc=0x000001aeb467f1d0 method=java.util.stream.AbstractPipeline.spliterator()Ljava/util/Spliterator; @ 27 c2
Event: 301.158 Thread 0x000001aec53fe800 Uncommon trap: trap_request=0xffffff4d fr.pc=0x000001aeb467f1d0 relative=0x00000000000000b0
Event: 301.898 Thread 0x000001aec5402800 Uncommon trap: reason=unstable_if action=reinterpret pc=0x000001aeb467f1d0 method=java.util.stream.AbstractPipeline.spliterator()Ljava/util/Spliterator; @ 27 c2
Event: 302.921 Thread 0x000001aec53fe800 Uncommon trap: reason=unstable_if action=reinterpret pc=0x000001aeb467f1d0 method=java.util.stream.AbstractPipeline.spliterator()Ljava/util/Spliterator; @ 27 c2
Event: 304.822 Thread 0x000001aec53fe800 DEOPT PACKING pc=0x000001aeb467f1d0 sp=0x00000027a66fbb80
Event: 304.822 Thread 0x000001aec5402800 DEOPT PACKING pc=0x000001aeb467f1d0 sp=0x00000027a64fbd30
Event: 304.822 Thread 0x000001aec53fd800 DEOPT PACKING pc=0x000001aeb467f1d0 sp=0x00000027a65fbd30
Event: 304.822 Thread 0x000001aec5401800 DEOPT PACKING pc=0x000001aeb467f1d0 sp=0x00000027a67fbfe0
Event: 305.779 Thread 0x000001aec5402800 DEOPT UNPACKING pc=0x000001aeac6274af sp=0x00000027a64fbcd8 mode 2
Event: 314.681 Thread 0x000001aec5401800 DEOPT UNPACKING pc=0x000001aeac6274af sp=0x00000027a67fbf88 mode 2
Event: 314.908 Thread 0x000001aec53fe800 DEOPT UNPACKING pc=0x000001aeac6274af sp=0x00000027a66fbb28 mode 2
Event: 315.250 Thread 0x000001aec53fd800 DEOPT UNPACKING pc=0x000001aeac6274af sp=0x00000027a65fbcd8 mode 2

Classes redefined (0 events):
No events

Internal exceptions (20 events):
Event: 75.938 Thread 0x000001aec3916000 Exception <a 'java/lang/NoSuchMethodError'{0x0000000085be4248}: <clinit>> (0x0000000085be4248) thrown at [./src/hotspot/share/prims/jni.cpp, line 1362]
Event: 75.938 Thread 0x000001aec3916000 Exception <a 'java/lang/NoSuchMethodError'{0x0000000085be76b0}: <clinit>> (0x0000000085be76b0) thrown at [./src/hotspot/share/prims/jni.cpp, line 1362]
Event: 75.940 Thread 0x000001aec3916000 Exception <a 'java/lang/NoSuchMethodError'{0x0000000085a06ae0}: <clinit>> (0x0000000085a06ae0) thrown at [./src/hotspot/share/prims/jni.cpp, line 1362]
Event: 75.943 Thread 0x000001aec3916000 Exception <a 'java/lang/NoSuchMethodError'{0x0000000085a24d78}: <clinit>> (0x0000000085a24d78) thrown at [./src/hotspot/share/prims/jni.cpp, line 1362]
Event: 75.945 Thread 0x000001aec3916000 Exception <a 'java/lang/NoSuchMethodError'{0x0000000085a4dc98}: <clinit>> (0x0000000085a4dc98) thrown at [./src/hotspot/share/prims/jni.cpp, line 1362]
Event: 75.946 Thread 0x000001aec3916000 Exception <a 'java/lang/NoSuchMethodError'{0x0000000085a63c20}: <clinit>> (0x0000000085a63c20) thrown at [./src/hotspot/share/prims/jni.cpp, line 1362]
Event: 76.034 Thread 0x000001aec3916000 Exception <a 'java/lang/NoSuchMethodError'{0x0000000085884528}: <clinit>> (0x0000000085884528) thrown at [./src/hotspot/share/prims/jni.cpp, line 1362]
Event: 76.519 Thread 0x000001aec58bb000 Exception <a 'java/lang/ClassNotFoundException'{0x0000000085bf1d58}: sun/awt/resources/spi/awtProvider> (0x0000000085bf1d58) thrown at [./src/hotspot/share/classfile/systemDictionary.cpp, line 231]
Event: 76.528 Thread 0x000001aec58bb000 Exception <a 'java/io/FileNotFoundException'{0x0000000085a3b248}> (0x0000000085a3b248) thrown at [./src/hotspot/share/prims/jni.cpp, line 615]
Event: 76.529 Thread 0x000001aec58bb000 Exception <a 'java/io/FileNotFoundException'{0x0000000085a3f220}> (0x0000000085a3f220) thrown at [./src/hotspot/share/prims/jni.cpp, line 615]
Event: 79.014 Thread 0x000001aec3916000 Implicit null exception at 0x000001aeb45b861e to 0x000001aeb45bde78
Event: 79.500 Thread 0x000001aec3916000 Exception <a 'java/lang/NoSuchMethodError'{0x0000000085bd4020}: <clinit>> (0x0000000085bd4020) thrown at [./src/hotspot/share/prims/jni.cpp, line 1362]
Event: 86.125 Thread 0x000001aec58b6800 Exception <a 'java/lang/NoSuchMethodError'{0x0000000086d02608}: <clinit>> (0x0000000086d02608) thrown at [./src/hotspot/share/prims/jni.cpp, line 1362]
Event: 94.474 Thread 0x000001aec58b6800 Exception <a 'sun/nio/fs/WindowsException'{0x0000000086e5bb18}> (0x0000000086e5bb18) thrown at [./src/hotspot/share/prims/jni.cpp, line 615]
Event: 94.474 Thread 0x000001aec58b6800 Exception <a 'sun/nio/fs/WindowsException'{0x0000000086e612f0}> (0x0000000086e612f0) thrown at [./src/hotspot/share/prims/jni.cpp, line 615]
Event: 94.474 Thread 0x000001aec58b6800 Exception <a 'sun/nio/fs/WindowsException'{0x0000000086e61610}> (0x0000000086e61610) thrown at [./src/hotspot/share/prims/jni.cpp, line 615]
Event: 94.474 Thread 0x000001aec58b6800 Exception <a 'sun/nio/fs/WindowsException'{0x0000000086e62208}> (0x0000000086e62208) thrown at [./src/hotspot/share/prims/jni.cpp, line 615]
Event: 94.475 Thread 0x000001aec58b6800 Exception <a 'sun/nio/fs/WindowsException'{0x0000000086e624f0}> (0x0000000086e624f0) thrown at [./src/hotspot/share/prims/jni.cpp, line 615]
Event: 94.475 Thread 0x000001aec58b6800 Exception <a 'sun/nio/fs/WindowsException'{0x0000000086e630d0}> (0x0000000086e630d0) thrown at [./src/hotspot/share/prims/jni.cpp, line 615]
Event: 172.747 Thread 0x000001aec5402800 Implicit null exception at 0x000001aeb46b1a4d to 0x000001aeb46b2214

Events (20 events):
Event: 157.003 Executing VM operation: RevokeBias done
Event: 160.408 loading class org/gradle/api/file/ReproducibleFileVisitor
Event: 160.408 loading class org/gradle/api/file/ReproducibleFileVisitor done
Event: 162.446 loading class org/gradle/api/internal/file/collections/DefaultDirectoryWalker$PathVisitor
Event: 162.446 loading class org/gradle/api/internal/file/collections/DefaultDirectoryWalker$PathVisitor done
Event: 162.730 Executing VM operation: Deoptimize
Event: 162.736 Executing VM operation: Deoptimize done
Event: 162.738 loading class java/nio/file/FileTreeWalker$1
Event: 163.170 loading class java/nio/file/FileTreeWalker$1 done
Event: 163.345 loading class org/gradle/api/internal/file/DefaultFileVisitDetails
Event: 163.345 loading class org/gradle/api/internal/file/DefaultFileVisitDetails done
Event: 163.498 loading class org/gradle/api/internal/file/DefaultFileTreeElement
Event: 163.498 loading class org/gradle/api/internal/file/DefaultFileTreeElement done
Event: 163.797 loading class org/gradle/api/internal/file/AbstractFileTreeElement
Event: 163.797 loading class org/gradle/api/internal/file/AbstractFileTreeElement done
Event: 164.341 loading class org/gradle/api/internal/file/AbstractFileTreeElement$CopyFileElementException
Event: 164.341 loading class org/gradle/api/internal/file/AbstractFileTreeElement$CopyFileElementException done
Event: 242.531 Thread 0x000001aec2e9d800 flushing nmethod 0x000001aeb40fad10
Event: 292.464 Thread 0x000001aec2e9d800 flushing nmethod 0x000001aeb412d990
Event: 331.034 Executing VM operation: G1CollectForAllocation


Dynamic libraries:
0x00007ff71d060000 - 0x00007ff71d06a000 	C:\Program Files\Android\Android Studio\jre\bin\java.exe
0x00007ffd7b650000 - 0x00007ffd7b845000 	C:\WINDOWS\SYSTEM32\ntdll.dll
0x00007ffd79a90000 - 0x00007ffd79b4d000 	C:\WINDOWS\System32\KERNEL32.DLL
0x00007ffd793b0000 - 0x00007ffd79678000 	C:\WINDOWS\System32\KERNELBASE.dll
0x00007ffd78ec0000 - 0x00007ffd78fc0000 	C:\WINDOWS\System32\ucrtbase.dll
0x00007ffd71aa0000 - 0x00007ffd71ab7000 	C:\Program Files\Android\Android Studio\jre\bin\VCRUNTIME140.dll
0x00007ffd5c580000 - 0x00007ffd5c599000 	C:\Program Files\Android\Android Studio\jre\bin\jli.dll
0x00007ffd7b100000 - 0x00007ffd7b2a0000 	C:\WINDOWS\System32\USER32.dll
0x00007ffd78de0000 - 0x00007ffd78e02000 	C:\WINDOWS\System32\win32u.dll
0x00007ffd6b6e0000 - 0x00007ffd6b97a000 	C:\WINDOWS\WinSxS\amd64_microsoft.windows.common-controls_6595b64144ccf1df_6.0.19041.844_none_ca00b6081b84eb1d\COMCTL32.dll
0x00007ffd7b0d0000 - 0x00007ffd7b0fa000 	C:\WINDOWS\System32\GDI32.dll
0x00007ffd7b560000 - 0x00007ffd7b5fe000 	C:\WINDOWS\System32\msvcrt.dll
0x00007ffd792a0000 - 0x00007ffd793ab000 	C:\WINDOWS\System32\gdi32full.dll
0x00007ffd78fc0000 - 0x00007ffd7905d000 	C:\WINDOWS\System32\msvcp_win.dll
0x00007ffd7afe0000 - 0x00007ffd7b010000 	C:\WINDOWS\System32\IMM32.DLL
0x00007ffd65d80000 - 0x00007ffd65e1d000 	C:\Program Files\Android\Android Studio\jre\bin\msvcp140.dll
0x00007ffd4f200000 - 0x00007ffd4fcbc000 	C:\Program Files\Android\Android Studio\jre\bin\server\jvm.dll
0x00007ffd79860000 - 0x00007ffd7990c000 	C:\WINDOWS\System32\ADVAPI32.dll
0x00007ffd7b030000 - 0x00007ffd7b0cb000 	C:\WINDOWS\System32\sechost.dll
0x00007ffd7a060000 - 0x00007ffd7a18b000 	C:\WINDOWS\System32\RPCRT4.dll
0x00007ffd7b600000 - 0x00007ffd7b608000 	C:\WINDOWS\System32\PSAPI.DLL
0x00007ffd77550000 - 0x00007ffd77559000 	C:\WINDOWS\SYSTEM32\WSOCK32.dll
0x00007ffd6bc60000 - 0x00007ffd6bc87000 	C:\WINDOWS\SYSTEM32\WINMM.dll
0x00007ffd6d8c0000 - 0x00007ffd6d8ca000 	C:\WINDOWS\SYSTEM32\VERSION.dll
0x00007ffd7aec0000 - 0x00007ffd7af2b000 	C:\WINDOWS\System32\WS2_32.dll
0x00007ffd77660000 - 0x00007ffd77672000 	C:\WINDOWS\SYSTEM32\kernel.appcore.dll
0x00007ffd71470000 - 0x00007ffd71481000 	C:\Program Files\Android\Android Studio\jre\bin\verify.dll
0x00007ffd77340000 - 0x00007ffd77524000 	C:\WINDOWS\SYSTEM32\DBGHELP.DLL
0x00007ffd67860000 - 0x00007ffd6788c000 	C:\WINDOWS\SYSTEM32\dbgcore.DLL
0x00007ffd790c0000 - 0x00007ffd79140000 	C:\WINDOWS\System32\bcryptPrimitives.dll
0x00007ffd6a6e0000 - 0x00007ffd6a709000 	C:\Program Files\Android\Android Studio\jre\bin\java.dll
0x00007ffd73c00000 - 0x00007ffd73c0b000 	C:\Program Files\Android\Android Studio\jre\bin\jimage.dll
0x00007ffd6a780000 - 0x00007ffd6a798000 	C:\Program Files\Android\Android Studio\jre\bin\zip.dll
0x00007ffd7a6e0000 - 0x00007ffd7ae22000 	C:\WINDOWS\System32\SHELL32.dll
0x00007ffd76ae0000 - 0x00007ffd77271000 	C:\WINDOWS\SYSTEM32\windows.storage.dll
0x00007ffd79b50000 - 0x00007ffd79ea5000 	C:\WINDOWS\System32\combase.dll
0x00007ffd78800000 - 0x00007ffd7882c000 	C:\WINDOWS\SYSTEM32\Wldp.dll
0x00007ffd79970000 - 0x00007ffd79a1e000 	C:\WINDOWS\System32\SHCORE.dll
0x00007ffd79910000 - 0x00007ffd79965000 	C:\WINDOWS\System32\shlwapi.dll
0x00007ffd78cd0000 - 0x00007ffd78cef000 	C:\WINDOWS\SYSTEM32\profapi.dll
0x00007ffd63d40000 - 0x00007ffd63d5a000 	C:\Program Files\Android\Android Studio\jre\bin\net.dll
0x00007ffd6cd30000 - 0x00007ffd6ce3b000 	C:\WINDOWS\SYSTEM32\WINHTTP.dll
0x00007ffd78570000 - 0x00007ffd785da000 	C:\WINDOWS\system32\mswsock.dll
0x00007ffd61930000 - 0x00007ffd61944000 	C:\Program Files\Android\Android Studio\jre\bin\nio.dll
0x00007ffd61160000 - 0x00007ffd61187000 	C:\Users\hp\.gradle\native\fdc75f09e3144964f2cf3f50f0aa648679c211496f362492102eb8c894070792\windows-amd64\native-platform.dll
0x00007ffd51ad0000 - 0x00007ffd51c66000 	C:\Users\hp\.gradle\native\12488b8bf47d2d4c9fbf2f6322a914ad602e24e48041cd04a747c6da556b65c4\windows-amd64\native-platform-file-events.dll
0x00007ffd75900000 - 0x00007ffd7590a000 	C:\Program Files\Android\Android Studio\jre\bin\management.dll
0x00007ffd73ba0000 - 0x00007ffd73bac000 	C:\Program Files\Android\Android Studio\jre\bin\management_ext.dll
0x00007ffd78740000 - 0x00007ffd78758000 	C:\WINDOWS\SYSTEM32\CRYPTSP.dll
0x00007ffd77ea0000 - 0x00007ffd77ed4000 	C:\WINDOWS\system32\rsaenh.dll
0x00007ffd79680000 - 0x00007ffd796a7000 	C:\WINDOWS\System32\bcrypt.dll
0x00007ffd78c50000 - 0x00007ffd78c7e000 	C:\WINDOWS\SYSTEM32\USERENV.dll
0x00007ffd78760000 - 0x00007ffd7876c000 	C:\WINDOWS\SYSTEM32\CRYPTBASE.dll
0x00007ffd78210000 - 0x00007ffd7824b000 	C:\WINDOWS\SYSTEM32\IPHLPAPI.DLL
0x00007ffd79f30000 - 0x00007ffd79f38000 	C:\WINDOWS\System32\NSI.dll
0x00007ffd73d00000 - 0x00007ffd73d17000 	C:\WINDOWS\SYSTEM32\dhcpcsvc6.DLL
0x00007ffd73ce0000 - 0x00007ffd73cfd000 	C:\WINDOWS\SYSTEM32\dhcpcsvc.DLL
0x00007ffd78250000 - 0x00007ffd7831c000 	C:\WINDOWS\SYSTEM32\DNSAPI.dll
0x00007ffd6eee0000 - 0x00007ffd6eeeb000 	C:\WINDOWS\SYSTEM32\WINNSI.DLL
0x00007ffd55380000 - 0x00007ffd55522000 	C:\Program Files\Android\Android Studio\jre\bin\awt.dll
0x00007ffd7b300000 - 0x00007ffd7b3cd000 	C:\WINDOWS\System32\OLEAUT32.dll
0x00007ffd75e70000 - 0x00007ffd75e9f000 	C:\WINDOWS\SYSTEM32\dwmapi.dll
0x00007ffd75910000 - 0x00007ffd759a0000 	C:\WINDOWS\SYSTEM32\apphelp.dll
0x00007ffd75bf0000 - 0x00007ffd75c8e000 	C:\WINDOWS\system32\uxtheme.dll

dbghelp: loaded successfully - version: 4.0.5 - missing functions: none
symbol engine: initialized successfully - sym options: 0x614 - pdb path: .;C:\Program Files\Android\Android Studio\jre\bin;C:\WINDOWS\SYSTEM32;C:\WINDOWS\WinSxS\amd64_microsoft.windows.common-controls_6595b64144ccf1df_6.0.19041.844_none_ca00b6081b84eb1d;C:\Program Files\Android\Android Studio\jre\bin\server;C:\Users\hp\.gradle\native\fdc75f09e3144964f2cf3f50f0aa648679c211496f362492102eb8c894070792\windows-amd64;C:\Users\hp\.gradle\native\12488b8bf47d2d4c9fbf2f6322a914ad602e24e48041cd04a747c6da556b65c4\windows-amd64

VM Arguments:
jvm_args: --add-opens=java.base/java.util=ALL-UNNAMED --add-opens=java.base/java.lang=ALL-UNNAMED --add-opens=java.base/java.lang.invoke=ALL-UNNAMED --add-opens=java.prefs/java.util.prefs=ALL-UNNAMED -Xmx2048m -Dfile.encoding=UTF-8 -Duser.country=IN -Duser.language=en -Duser.variant 
java_command: org.gradle.launcher.daemon.bootstrap.GradleDaemon 6.7.1
java_class_path (initial): C:\Users\hp\.gradle\wrapper\dists\gradle-6.7.1-bin\bwlcbys1h7rz3272sye1xwiv6\gradle-6.7.1\lib\gradle-launcher-6.7.1.jar
Launcher Type: SUN_STANDARD

[Global flags]
     intx CICompilerCount                          = 3                                         {product} {ergonomic}
     uint ConcGCThreads                            = 1                                         {product} {ergonomic}
     uint G1ConcRefinementThreads                  = 4                                         {product} {ergonomic}
   size_t G1HeapRegionSize                         = 1048576                                   {product} {ergonomic}
    uintx GCDrainStackTargetSize                   = 64                                        {product} {ergonomic}
   size_t InitialHeapSize                          = 67108864                                  {product} {ergonomic}
   size_t MarkStackSize                            = 4194304                                   {product} {ergonomic}
   size_t MaxHeapSize                              = 2147483648                                {product} {command line}
   size_t MaxNewSize                               = 1287651328                                {product} {ergonomic}
   size_t MinHeapDeltaBytes                        = 1048576                                   {product} {ergonomic}
    uintx NonNMethodCodeHeapSize                   = 5830732                                {pd product} {ergonomic}
    uintx NonProfiledCodeHeapSize                  = 122913754                              {pd product} {ergonomic}
    uintx ProfiledCodeHeapSize                     = 122913754                              {pd product} {ergonomic}
    uintx ReservedCodeCacheSize                    = 251658240                              {pd product} {ergonomic}
     bool SegmentedCodeCache                       = true                                      {product} {ergonomic}
     bool UseCompressedClassPointers               = true                                 {lp64_product} {ergonomic}
     bool UseCompressedOops                        = true                                 {lp64_product} {ergonomic}
     bool UseG1GC                                  = true                                      {product} {ergonomic}
     bool UseLargePagesIndividualAllocation        = false                                  {pd product} {ergonomic}

Logging:
Log output configuration:
 #0: stdout all=warning uptime,level,tags
 #1: stderr all=off uptime,level,tags

Environment Variables:
PATH=C:\WINDOWS\system32;C:\WINDOWS;C:\WINDOWS\System32\Wbem;C:\WINDOWS\System32\WindowsPowerShell\v1.0\;C:\WINDOWS\System32\OpenSSH\;C:\Program Files\MATLAB\R2016b\runtime\win64;C:\Program Files\MATLAB\R2016b\bin;C:\Program Files\MATLAB\R2016b\polyspace\bin;C:\Users\hp\AppData\Local\Microsoft\WindowsApps;
USERNAME=hp
OS=Windows_NT
PROCESSOR_IDENTIFIER=Intel64 Family 6 Model 61 Stepping 4, GenuineIntel



---------------  S Y S T E M  ---------------

OS: Windows 10 , 64 bit Build 19041 (10.0.19041.928)
OS uptime: 0 days 2:47 hours

CPU:total 4 (initial active 4) (2 cores per cpu, 2 threads per core) family 6 model 61 stepping 4, cmov, cx8, fxsr, mmx, sse, sse2, sse3, ssse3, sse4.1, sse4.2, popcnt, avx, avx2, aes, clmul, erms, 3dnowpref, lzcnt, ht, tsc, tscinvbit, bmi1, bmi2, adx, fma

Memory: 4k page, system-wide physical 4011M (207M free)
TotalPageFile size 7903M (AvailPageFile size 7M)
current process WorkingSet (physical memory assigned to process): 40M, peak: 326M
current process commit charge ("private bytes"): 400M, peak: 539M

vm_info: OpenJDK 64-Bit Server VM (11.0.8+10-b944.6842174) for windows-amd64 JRE (11.0.8+10-b944.6842174), built on Sep 19 2020 01:11:42 by "builder" with MS VC++ 14.0 (VS2015)

END.
